  Assembling ..\..\COMP 3350\Project2\COMP-3350-Project-2-template.asm...
..\..\COMP 3350\Project2\COMP-3350-Project-2-template.asm(1): error A2008: syntax error : .
..\..\COMP 3350\Project2\COMP-3350-Project-2-template.asm(2): error A2008: syntax error : .
..\..\COMP 3350\Project2\COMP-3350-Project-2-template.asm(3): error A2008: syntax error : .
..\..\COMP 3350\Project2\COMP-3350-Project-2-template.asm(4): error A2008: syntax error : ,
..\..\COMP 3350\Project2\COMP-3350-Project-2-template.asm(42): error A2008: syntax error : invoke
..\..\COMP 3350\Project2\COMP-3350-Project-2-template.asm(44): error A2008: syntax error : main
..\..\COMP 3350\Project2\COMP-3350-Project-2-template.asm(44): error A2088: END directive required at end of file
C:\Program Files\Microsoft Visual Studio\2022\Community\MSBuild\Microsoft\VC\v170\BuildCustomizations\masm.targets(70,5): error MSB3721: The command "ml64.exe /c /nologo /Zi /Fo"x64\Debug\COMP-3350-Project-2-template.obj" /W3 /errorReport:prompt  /Ta"..\..\COMP 3350\Project2\COMP-3350-Project-2-template.asm"" exited with code 1.
